Determining if the pthread_create exist failed with the following output:
Change Dir: /Go/ELF/build/CMakeFiles/CMakeTmp

Run Build Command:"/usr/bin/make" "cmTC_6b455/fast"
make[1]: Entering directory '/Go/ELF/build/CMakeFiles/CMakeTmp'
/usr/bin/make -f CMakeFiles/cmTC_6b455.dir/build.make CMakeFiles/cmTC_6b455.dir/build
make[2]: Entering directory '/Go/ELF/build/CMakeFiles/CMakeTmp'
Building C object CMakeFiles/cmTC_6b455.dir/CheckSymbolExists.c.o
/usr/bin/cc    -o CMakeFiles/cmTC_6b455.dir/CheckSymbolExists.c.o   -c /Go/ELF/build/CMakeFiles/CMakeTmp/CheckSymbolExists.c
Linking C executable cmTC_6b455
/usr/bin/cmake -E cmake_link_script CMakeFiles/cmTC_6b455.dir/link.txt --verbose=1
/usr/bin/cc      -rdynamic CMakeFiles/cmTC_6b455.dir/CheckSymbolExists.c.o  -o cmTC_6b455 
CMakeFiles/cmTC_6b455.dir/CheckSymbolExists.c.o: In function `main':
CheckSymbolExists.c:(.text+0x1b): undefined reference to `pthread_create'
collect2: error: ld returned 1 exit status
CMakeFiles/cmTC_6b455.dir/build.make:97: recipe for target 'cmTC_6b455' failed
make[2]: *** [cmTC_6b455] Error 1
make[2]: Leaving directory '/Go/ELF/build/CMakeFiles/CMakeTmp'
Makefile:126: recipe for target 'cmTC_6b455/fast' failed
make[1]: *** [cmTC_6b455/fast] Error 2
make[1]: Leaving directory '/Go/ELF/build/CMakeFiles/CMakeTmp'

File /Go/ELF/build/CMakeFiles/CMakeTmp/CheckSymbolExists.c:
/* */
#include <pthread.h>

int main(int argc, char** argv)
{
  (void)argv;
#ifndef pthread_create
  return ((int*)(&pthread_create))[argc];
#else
  (void)argc;
  return 0;
#endif
}

Determining if the function pthread_create exists in the pthreads failed with the following output:
Change Dir: /Go/ELF/build/CMakeFiles/CMakeTmp

Run Build Command:"/usr/bin/make" "cmTC_6c814/fast"
make[1]: Entering directory '/Go/ELF/build/CMakeFiles/CMakeTmp'
/usr/bin/make -f CMakeFiles/cmTC_6c814.dir/build.make CMakeFiles/cmTC_6c814.dir/build
make[2]: Entering directory '/Go/ELF/build/CMakeFiles/CMakeTmp'
Building C object CMakeFiles/cmTC_6c814.dir/CheckFunctionExists.c.o
/usr/bin/cc   -DCHECK_FUNCTION_EXISTS=pthread_create   -o CMakeFiles/cmTC_6c814.dir/CheckFunctionExists.c.o   -c /usr/share/cmake-3.10/Modules/CheckFunctionExists.c
Linking C executable cmTC_6c814
/usr/bin/cmake -E cmake_link_script CMakeFiles/cmTC_6c814.dir/link.txt --verbose=1
/usr/bin/cc  -DCHECK_FUNCTION_EXISTS=pthread_create    -rdynamic CMakeFiles/cmTC_6c814.dir/CheckFunctionExists.c.o  -o cmTC_6c814 -lpthreads 
/usr/bin/ld: cannot find -lpthreads
collect2: error: ld returned 1 exit status
CMakeFiles/cmTC_6c814.dir/build.make:97: recipe for target 'cmTC_6c814' failed
make[2]: *** [cmTC_6c814] Error 1
make[2]: Leaving directory '/Go/ELF/build/CMakeFiles/CMakeTmp'
Makefile:126: recipe for target 'cmTC_6c814/fast' failed
make[1]: *** [cmTC_6c814/fast] Error 2
make[1]: Leaving directory '/Go/ELF/build/CMakeFiles/CMakeTmp'


